/work/ssahibul_umass_edu/broadcaster_nodes/python38
no change     /modules/apps/miniconda/4.8.3/condabin/conda
no change     /modules/apps/miniconda/4.8.3/bin/conda
no change     /modules/apps/miniconda/4.8.3/bin/conda-env
no change     /modules/apps/miniconda/4.8.3/bin/activate
no change     /modules/apps/miniconda/4.8.3/bin/deactivate
no change     /modules/apps/miniconda/4.8.3/etc/profile.d/conda.sh
no change     /modules/apps/miniconda/4.8.3/etc/fish/conf.d/conda.fish
no change     /modules/apps/miniconda/4.8.3/shell/condabin/Conda.psm1
no change     /modules/apps/miniconda/4.8.3/shell/condabin/conda-hook.ps1
no change     /modules/apps/miniconda/4.8.3/lib/python3.9/site-packages/xontrib/conda.xsh
no change     /modules/apps/miniconda/4.8.3/etc/profile.d/conda.csh
no change     /home/ssahibul_umass_edu/.bashrc
No action taken.
# conda environments:
#
base                     /modules/apps/miniconda/4.8.3
jupyterhub-stable        /modules/apps/miniconda/4.8.3/envs/jupyterhub-stable
broadcaster              /work/ssahibul_umass_edu/.conda/envs/broadcaster
broadcaster38         *  /work/ssahibul_umass_edu/.conda/envs/broadcaster38

# conda environments:
#
base                     /modules/apps/miniconda/4.8.3
jupyterhub-stable        /modules/apps/miniconda/4.8.3/envs/jupyterhub-stable
broadcaster              /work/ssahibul_umass_edu/.conda/envs/broadcaster
broadcaster38         *  /work/ssahibul_umass_edu/.conda/envs/broadcaster38

br2_3367025; Cora; inter:1; net set:0; conv type:0
loop:0 Accuracy: 0.7920 Time: 1.1659
average: 0.792,....1.1659083403646946
loop:0 Accuracy: 0.7420 Time: 14.7209
average: 0.742,....14.720936931669712
loop:0 Accuracy: 0.7970 Time: 39.8000
average: 0.797,....39.80003464221954
loop:0 Accuracy: 0.7930 Time: 75.7235
average: 0.793,....75.72353041730821
[['br2_3367025', 1, 2, 0, [8], [[0], [0]], 1.1659083403646946, 0.792], ['br2_3367025', 1, 2, 0, [8], [[1], [1]], 14.720936931669712, 0.742], ['br2_3367025', 1, 2, 0, [8], [[1], [2, 1]], 39.80003464221954, 0.797], ['br2_3367025', 1, 2, 0, [8], [[1], [2, 1, 3]], 75.72353041730821, 0.793]]
layers:2||convType:0||layer_out_dim:[8]||br_multiplies:[[0], [0]]||time:1.1659083403646946||average:0.792
layers:2||convType:0||layer_out_dim:[8]||br_multiplies:[[1], [1]]||time:14.720936931669712||average:0.742
layers:2||convType:0||layer_out_dim:[8]||br_multiplies:[[1], [2, 1]]||time:39.80003464221954||average:0.797
layers:2||convType:0||layer_out_dim:[8]||br_multiplies:[[1], [2, 1, 3]]||time:75.72353041730821||average:0.793
134.14447320252657
