/work/ssahibul_umass_edu/broadcaster_nodes/python38
no change     /modules/apps/miniconda/4.8.3/condabin/conda
no change     /modules/apps/miniconda/4.8.3/bin/conda
no change     /modules/apps/miniconda/4.8.3/bin/conda-env
no change     /modules/apps/miniconda/4.8.3/bin/activate
no change     /modules/apps/miniconda/4.8.3/bin/deactivate
no change     /modules/apps/miniconda/4.8.3/etc/profile.d/conda.sh
no change     /modules/apps/miniconda/4.8.3/etc/fish/conf.d/conda.fish
no change     /modules/apps/miniconda/4.8.3/shell/condabin/Conda.psm1
no change     /modules/apps/miniconda/4.8.3/shell/condabin/conda-hook.ps1
no change     /modules/apps/miniconda/4.8.3/lib/python3.9/site-packages/xontrib/conda.xsh
no change     /modules/apps/miniconda/4.8.3/etc/profile.d/conda.csh
no change     /home/ssahibul_umass_edu/.bashrc
No action taken.
# conda environments:
#
base                     /modules/apps/miniconda/4.8.3
jupyterhub-stable     *  /modules/apps/miniconda/4.8.3/envs/jupyterhub-stable
broadcaster              /work/ssahibul_umass_edu/.conda/envs/broadcaster
broadcaster38            /work/ssahibul_umass_edu/.conda/envs/broadcaster38

# conda environments:
#
base                     /modules/apps/miniconda/4.8.3
jupyterhub-stable     *  /modules/apps/miniconda/4.8.3/envs/jupyterhub-stable
broadcaster              /work/ssahibul_umass_edu/.conda/envs/broadcaster
broadcaster38            /work/ssahibul_umass_edu/.conda/envs/broadcaster38

br2_3367021; Cora; inter:1; net set:0; conv type:0
loop:0 Accuracy: 0.8130 Time: 5.0032
average: 0.813,....5.0032122526317835
loop:0 Accuracy: 0.8040 Time: 15.7535
average: 0.804,....15.753462761640549
loop:0 Accuracy: 0.8110 Time: 38.7838
average: 0.811,....38.78381127305329
loop:0 Accuracy: 0.8050 Time: 73.3055
average: 0.805,....73.30545043200254
[['br2_3367021', 1, 2, 0, [8], [[0], [0]], 5.0032122526317835, 0.813], ['br2_3367021', 1, 2, 0, [8], [[1], [1]], 15.753462761640549, 0.804], ['br2_3367021', 1, 2, 0, [8], [[1], [2, 1]], 38.78381127305329, 0.811], ['br2_3367021', 1, 2, 0, [8], [[1], [2, 1, 3]], 73.30545043200254, 0.805]]
layers:2||convType:0||layer_out_dim:[8]||br_multiplies:[[0], [0]]||time:5.0032122526317835||average:0.813
layers:2||convType:0||layer_out_dim:[8]||br_multiplies:[[1], [1]]||time:15.753462761640549||average:0.804
layers:2||convType:0||layer_out_dim:[8]||br_multiplies:[[1], [2, 1]]||time:38.78381127305329||average:0.811
layers:2||convType:0||layer_out_dim:[8]||br_multiplies:[[1], [2, 1, 3]]||time:73.30545043200254||average:0.805
145.98361251689494
